"GET /
"GET /exchange/
"GET /about-us/
"GET /how-it-works/
"GET /regulation/
"GET /fees/#trading-volume-fees-plan
https://blog.dx.exchange/
"GET /faq/#what-is-dx-exchange
"GET /crypto-affiliate-program/
"GET /dx-markets/
"GET /hp/
https://institutional.dx.exchange/
https://stos.dx.exchange/
"GET /api/
"GET /cookie-policy/
"GET /privacy-policy/
"GET /terms-of-use/
"GET /registration/
"GET /login/
"GET /exchange/
"GET /fr/
"GET /it/
"GET /de/
"GET /ja/
"GET /ru/
"GET /ru/registration/
"GET /refer-a-friend/
"GET /support/
"GET /cryptocurrencies/
"GET /registration/




